0 info it worked if it ends with ok
1 verbose cli [ '/opt/node/0.12.0/bin/node',
1 verbose cli   '/opt/node/0.12.0/bin/npm',
1 verbose cli   'start' ]
2 info using npm@2.5.1
3 info using node@v0.12.0
4 verbose run-script [ 'prestart', 'start', 'poststart' ]
5 info prestart meeting-agenda-planner@0.0.0
6 verbose unsafe-perm in lifecycle true
7 info start meeting-agenda-planner@0.0.0
8 verbose unsafe-perm in lifecycle true
9 info meeting-agenda-planner@0.0.0 Failed to exec start script
10 verbose stack Error: meeting-agenda-planner@0.0.0 start: `http-server app/ -a 0.0.0.0 -p 8000`
10 verbose stack Exit status 1
10 verbose stack     at EventEmitter.<anonymous> (/opt/node/0.12.0/lib/node_modules/npm/lib/utils/lifecycle.js:213:16)
10 verbose stack     at EventEmitter.emit (events.js:110:17)
10 verbose stack     at ChildProcess.<anonymous> (/opt/node/0.12.0/lib/node_modules/npm/lib/utils/spawn.js:14:12)
10 verbose stack     at ChildProcess.emit (events.js:110:17)
10 verbose stack     at maybeClose (child_process.js:1008:16)
10 verbose stack     at Process.ChildProcess._handle.onexit (child_process.js:1080:5)
11 verbose pkgid meeting-agenda-planner@0.0.0
12 verbose cwd /afs/nada.kth.se/home/r/u1djsrhr/iprog/project
13 error Linux 3.2.0-83-generic
14 error argv "/opt/node/0.12.0/bin/node" "/opt/node/0.12.0/bin/npm" "start"
15 error node v0.12.0
16 error npm  v2.5.1
17 error code ELIFECYCLE
18 error meeting-agenda-planner@0.0.0 start: `http-server app/ -a 0.0.0.0 -p 8000`
18 error Exit status 1
19 error Failed at the meeting-agenda-planner@0.0.0 start script 'http-server app/ -a 0.0.0.0 -p 8000'.
19 error This is most likely a problem with the meeting-agenda-planner package,
19 error not with npm itself.
19 error Tell the author that this fails on your system:
19 error     http-server app/ -a 0.0.0.0 -p 8000
19 error You can get their info via:
19 error     npm owner ls meeting-agenda-planner
19 error There is likely additional logging output above.
20 verbose exit [ 1, true ]
